<?xml version="1.0" encoding="UTF-8"?>
<testng-results ignored="0" total="1" passed="1" failed="0" skipped="0">
  <reporter-output>
  </reporter-output>
  <suite started-at="2023-12-29T17:11:41 IST" name="Default suite" finished-at="2023-12-29T17:11:52 IST" duration-ms="10800">
    <groups>
    </groups>
    <test started-at="2023-12-29T17:11:41 IST" name="Default test" finished-at="2023-12-29T17:11:52 IST" duration-ms="10800">
      <class name="com.ecommerceQA.testcases.SubmitOrderTest">
        <test-method is-config="true" signature="launchApplication()[pri:0, instance:com.ecommerceQA.testcases.SubmitOrderTest@2e55dd0c]" started-at="2023-12-29T17:11:41 IST" name="launchApplication" finished-at="2023-12-29T17:11:48 IST" duration-ms="6521" status="PASS">
          <reporter-output>
          </reporter-output>
        </test-method> <!-- launchApplication -->
        <test-method signature="submitProduct()[pri:0, instance:com.ecommerceQA.testcases.SubmitOrderTest@2e55dd0c]" started-at="2023-12-29T17:11:48 IST" name="submitProduct" finished-at="2023-12-29T17:11:51 IST" duration-ms="2966" status="PASS">
          <reporter-output>
          </reporter-output>
        </test-method> <!-- submitProduct -->
        <test-method is-config="true" signature="terminate()[pri:0, instance:com.ecommerceQA.testcases.SubmitOrderTest@2e55dd0c]" started-at="2023-12-29T17:11:51 IST" name="terminate" finished-at="2023-12-29T17:11:52 IST" duration-ms="1257" status="PASS">
          <reporter-output>
          </reporter-output>
        </test-method> <!-- terminate -->
      </class> <!-- com.ecommerceQA.testcases.SubmitOrderTest -->
    </test> <!-- Default test -->
  </suite> <!-- Default suite -->
</testng-results>
